<?xml version="1.0" encoding="UTF-8"?>
<!-- Generated by org.testng.reporters.JUnitReportReporter -->
<testsuite skipped="0" hostname="Bingo" name="qaclickacademy.AppiumTest" tests="2" failures="0" timestamp="24 Feb 2019 09:42:59 GMT" time="0.032" errors="0">
  <testcase name="IOSApp" time="0.032" classname="qaclickacademy.AppiumTest"/>
  <testcase name="nativeAppAndroid" time="0.000" classname="qaclickacademy.AppiumTest"/>
</testsuite> <!-- qaclickacademy.AppiumTest -->
