<?xml version="1.0" encoding="UTF-8"?>
<!-- Generated by org.testng.reporters.JUnitReportReporter -->
<testsuite hostname="Bingo" name="qaclickacademy.AppiumTest" tests="2" failures="0" timestamp="3 Mar 2019 12:16:47 GMT" time="0.012" errors="0">
  <testcase name="IOSApp" time="0.012" classname="qaclickacademy.AppiumTest"/>
  <testcase name="nativeAppAndroid" time="0.000" classname="qaclickacademy.AppiumTest"/>
</testsuite> <!-- qaclickacademy.AppiumTest -->
