<?xml version="1.0" encoding="UTF-8"?>
<!-- Generated by org.testng.reporters.JUnitReportReporter -->
<testsuite hostname="Bingo" name="qaclickacademy.RestapiTest" tests="2" failures="0" timestamp="3 Mar 2019 12:16:47 GMT" time="0.004" errors="0">
  <testcase name="laptop" time="0.000" classname="qaclickacademy.RestapiTest"/>
  <testcase name="mobile" time="0.004" classname="qaclickacademy.RestapiTest"/>
</testsuite> <!-- qaclickacademy.RestapiTest -->
